[debug] [2023-04-26T04:00:18.636Z] ----------------------------------------------------------------------
[debug] [2023-04-26T04:00:18.639Z] Command:       C:\Program Files\nodejs\node.exe C:\Users\SHRI\AppData\Roaming\npm\node_modules\firebase-tools\lib\bin\firebase.js init
[debug] [2023-04-26T04:00:18.639Z] CLI Version:   11.27.0
[debug] [2023-04-26T04:00:18.640Z] Platform:      win32
[debug] [2023-04-26T04:00:18.640Z] Node Version:  v18.16.0
[debug] [2023-04-26T04:00:18.642Z] Time:          Wed Apr 26 2023 09:30:18 GMT+0530 (India Standard Time)
[debug] [2023-04-26T04:00:18.642Z] ----------------------------------------------------------------------
[debug] 
[debug] [2023-04-26T04:00:18.648Z] >>> [apiv2][query] GET https://firebase-public.firebaseio.com/cli.json [none]
[debug] [2023-04-26T04:00:18.735Z] > command requires scopes: ["email","openid","https://www.googleapis.com/auth/cloudplatformprojects.readonly","https://www.googleapis.com/auth/firebase","https://www.googleapis.com/auth/cloud-platform"]
[debug] [2023-04-26T04:00:18.735Z] > authorizing via signed-in user (shrikantmergu143@gmail.com)
[info] 
     ######## #### ########  ######## ########     ###     ######  ########
     ##        ##  ##     ## ##       ##     ##  ##   ##  ##       ##
     ######    ##  ########  ######   ########  #########  ######  ######
     ##        ##  ##    ##  ##       ##     ## ##     ##       ## ##
     ##       #### ##     ## ######## ########  ##     ##  ######  ########

You're about to initialize a Firebase project in this directory:

  C:\Users\SHRI\programming\express-chatapi

[debug] [2023-04-26T04:00:19.968Z] <<< [apiv2][status] GET https://firebase-public.firebaseio.com/cli.json 200
[debug] [2023-04-26T04:00:19.969Z] <<< [apiv2][body] GET https://firebase-public.firebaseio.com/cli.json {"cloudBuildErrorAfter":1594252800000,"cloudBuildWarnAfter":1590019200000,"defaultNode10After":1594252800000,"minVersion":"3.0.5","node8DeploysDisabledAfter":1613390400000,"node8RuntimeDisabledAfter":1615809600000,"node8WarnAfter":1600128000000}
